{"C:\\Users\\mirru\\OneDrive\\Documents\\GitHub\\dev272-group-project\\app\\Auth.tsx": {"path":"C:\\Users\\mirru\\OneDrive\\Documents\\GitHub\\dev272-group-project\\app\\Auth.tsx","statementMap":{"0":{"start":{"line":19,"column":28},"end":{"line":19,"column":40}},"1":{"start":{"line":20,"column":34},"end":{"line":20,"column":46}},"2":{"start":{"line":21,"column":32},"end":{"line":21,"column":47}},"3":{"start":{"line":22,"column":52},"end":{"line":22,"column":67}},"4":{"start":{"line":25,"column":4},"end":{"line":28,"column":5}},"5":{"start":{"line":26,"column":6},"end":{"line":26,"column":59}},"6":{"start":{"line":27,"column":6},"end":{"line":27,"column":13}},"7":{"start":{"line":30,"column":4},"end":{"line":30,"column":21}},"8":{"start":{"line":31,"column":22},"end":{"line":34,"column":6}},"9":{"start":{"line":35,"column":4},"end":{"line":35,"column":22}},"10":{"start":{"line":37,"column":4},"end":{"line":41,"column":5}},"11":{"start":{"line":38,"column":6},"end":{"line":38,"column":49}},"12":{"start":{"line":40,"column":6},"end":{"line":40,"column":34}},"13":{"start":{"line":43,"column":4},"end":{"line":43,"column":29}},"14":{"start":{"line":47,"column":4},"end":{"line":50,"column":5}},"15":{"start":{"line":48,"column":6},"end":{"line":48,"column":59}},"16":{"start":{"line":49,"column":6},"end":{"line":49,"column":13}},"17":{"start":{"line":52,"column":4},"end":{"line":52,"column":21}},"18":{"start":{"line":56,"column":8},"end":{"line":56,"column":55}},"19":{"start":{"line":57,"column":4},"end":{"line":57,"column":22}},"20":{"start":{"line":59,"column":4},"end":{"line":66,"column":5}},"21":{"start":{"line":60,"column":6},"end":{"line":60,"column":50}},"22":{"start":{"line":61,"column":11},"end":{"line":66,"column":5}},"23":{"start":{"line":62,"column":6},"end":{"line":65,"column":8}},"24":{"start":{"line":70,"column":4},"end":{"line":70,"column":78}},"25":{"start":{"line":73,"column":2},"end":{"line":163,"column":4}},"26":{"start":{"line":121,"column":27},"end":{"line":121,"column":67}},"27":{"start":{"line":167,"column":15},"end":{"line":256,"column":2}}},"fnMap":{"0":{"name":"Auth","decl":{"start":{"line":18,"column":24},"end":{"line":18,"column":28}},"loc":{"start":{"line":18,"column":31},"end":{"line":164,"column":1}},"line":18},"1":{"name":"signInWithEmail","decl":{"start":{"line":24,"column":17},"end":{"line":24,"column":32}},"loc":{"start":{"line":24,"column":35},"end":{"line":44,"column":3}},"line":24},"2":{"name":"signUpWithEmail","decl":{"start":{"line":46,"column":17},"end":{"line":46,"column":32}},"loc":{"start":{"line":46,"column":35},"end":{"line":67,"column":3}},"line":46},"3":{"name":"forgotPassword","decl":{"start":{"line":69,"column":17},"end":{"line":69,"column":31}},"loc":{"start":{"line":69,"column":34},"end":{"line":71,"column":3}},"line":69},"4":{"name":"(anonymous_4)","decl":{"start":{"line":121,"column":21},"end":{"line":121,"column":22}},"loc":{"start":{"line":121,"column":27},"end":{"line":121,"column":67}},"line":121}},"branchMap":{"0":{"loc":{"start":{"line":25,"column":4},"end":{"line":28,"column":5}},"type":"if","locations":[{"start":{"line":25,"column":4},"end":{"line":28,"column":5}},{"start":{},"end":{}}],"line":25},"1":{"loc":{"start":{"line":25,"column":8},"end":{"line":25,"column":27}},"type":"binary-expr","locations":[{"start":{"line":25,"column":8},"end":{"line":25,"column":14}},{"start":{"line":25,"column":18},"end":{"line":25,"column":27}}],"line":25},"2":{"loc":{"start":{"line":37,"column":4},"end":{"line":41,"column":5}},"type":"if","locations":[{"start":{"line":37,"column":4},"end":{"line":41,"column":5}},{"start":{"line":39,"column":11},"end":{"line":41,"column":5}}],"line":37},"3":{"loc":{"start":{"line":47,"column":4},"end":{"line":50,"column":5}},"type":"if","locations":[{"start":{"line":47,"column":4},"end":{"line":50,"column":5}},{"start":{},"end":{}}],"line":47},"4":{"loc":{"start":{"line":47,"column":8},"end":{"line":47,"column":27}},"type":"binary-expr","locations":[{"start":{"line":47,"column":8},"end":{"line":47,"column":14}},{"start":{"line":47,"column":18},"end":{"line":47,"column":27}}],"line":47},"5":{"loc":{"start":{"line":59,"column":4},"end":{"line":66,"column":5}},"type":"if","locations":[{"start":{"line":59,"column":4},"end":{"line":66,"column":5}},{"start":{"line":61,"column":11},"end":{"line":66,"column":5}}],"line":59},"6":{"loc":{"start":{"line":61,"column":11},"end":{"line":66,"column":5}},"type":"if","locations":[{"start":{"line":61,"column":11},"end":{"line":66,"column":5}},{"start":{},"end":{}}],"line":61},"7":{"loc":{"start":{"line":76,"column":16},"end":{"line":76,"column":60}},"type":"cond-expr","locations":[{"start":{"line":76,"column":40},"end":{"line":76,"column":49}},{"start":{"line":76,"column":52},"end":{"line":76,"column":60}}],"line":76},"8":{"loc":{"start":{"line":125,"column":20},"end":{"line":125,"column":73}},"type":"cond-expr","locations":[{"start":{"line":125,"column":40},"end":{"line":125,"column":57}},{"start":{"line":125,"column":60},"end":{"line":125,"column":73}}],"line":125},"9":{"loc":{"start":{"line":133,"column":9},"end":{"line":139,"column":9}},"type":"binary-expr","locations":[{"start":{"line":133,"column":9},"end":{"line":133,"column":16}},{"start":{"line":134,"column":10},"end":{"line":138,"column":12}}],"line":133}},"s":{"0":13,"1":13,"2":13,"3":13,"4":2,"5":1,"6":1,"7":1,"8":1,"9":1,"10":1,"11":1,"12":0,"13":1,"14":2,"15":1,"16":1,"17":1,"18":1,"19":1,"20":1,"21":1,"22":0,"23":0,"24":0,"25":13,"26":0,"27":1},"f":{"0":13,"1":2,"2":2,"3":0,"4":0},"b":{"0":[1,1],"1":[2,1],"2":[1,0],"3":[1,1],"4":[2,1],"5":[1,0],"6":[0,0],"7":[13,0],"8":[0,13],"9":[13,2]},"_coverageSchema":"1a1c01bbd47fc00a2c39e90264f33305004495a9","hash":"9e43c76d392cda9f64d1b6c57d817e2c73fda72a"}
,"C:\\Users\\mirru\\OneDrive\\Documents\\GitHub\\dev272-group-project\\components\\TaskCard.tsx": {"path":"C:\\Users\\mirru\\OneDrive\\Documents\\GitHub\\dev272-group-project\\components\\TaskCard.tsx","statementMap":{"0":{"start":{"line":4,"column":17},"end":{"line":17,"column":1}},"1":{"start":{"line":5,"column":2},"end":{"line":16,"column":4}},"2":{"start":{"line":19,"column":15},"end":{"line":41,"column":2}}},"fnMap":{"0":{"name":"(anonymous_0)","decl":{"start":{"line":4,"column":17},"end":{"line":4,"column":18}},"loc":{"start":{"line":4,"column":45},"end":{"line":17,"column":1}},"line":4}},"branchMap":{"0":{"loc":{"start":{"line":8,"column":7},"end":{"line":14,"column":7}},"type":"cond-expr","locations":[{"start":{"line":9,"column":8},"end":{"line":11,"column":15}},{"start":{"line":13,"column":8},"end":{"line":13,"column":69}}],"line":8},"1":{"loc":{"start":{"line":8,"column":7},"end":{"line":8,"column":50}},"type":"binary-expr","locations":[{"start":{"line":8,"column":7},"end":{"line":8,"column":24}},{"start":{"line":8,"column":28},"end":{"line":8,"column":50}}],"line":8},"2":{"loc":{"start":{"line":10,"column":47},"end":{"line":10,"column":72}},"type":"cond-expr","locations":[{"start":{"line":10,"column":64},"end":{"line":10,"column":66}},{"start":{"line":10,"column":69},"end":{"line":10,"column":72}}],"line":10}},"s":{"0":1,"1":4,"2":1},"f":{"0":4},"b":{"0":[3,1],"1":[4,4],"2":[1,2]},"_coverageSchema":"1a1c01bbd47fc00a2c39e90264f33305004495a9","hash":"c49ac0f98c7968f8b351623158505cc02628079e"}
,"C:\\Users\\mirru\\OneDrive\\Documents\\GitHub\\dev272-group-project\\utils\\supabase.ts": {"path":"C:\\Users\\mirru\\OneDrive\\Documents\\GitHub\\dev272-group-project\\utils\\supabase.ts","statementMap":{"0":{"start":{"line":4,"column":20},"end":{"line":4,"column":63}},"1":{"start":{"line":6,"column":2},"end":{"line":6,"column":212}},"2":{"start":{"line":8,"column":0},"end":{"line":12,"column":1}},"3":{"start":{"line":9,"column":2},"end":{"line":11,"column":4}},"4":{"start":{"line":14,"column":24},"end":{"line":14,"column":66}}},"fnMap":{},"branchMap":{"0":{"loc":{"start":{"line":8,"column":0},"end":{"line":12,"column":1}},"type":"if","locations":[{"start":{"line":8,"column":0},"end":{"line":12,"column":1}},{"start":{},"end":{}}],"line":8},"1":{"loc":{"start":{"line":8,"column":4},"end":{"line":8,"column":36}},"type":"binary-expr","locations":[{"start":{"line":8,"column":4},"end":{"line":8,"column":16}},{"start":{"line":8,"column":20},"end":{"line":8,"column":36}}],"line":8}},"s":{"0":1,"1":1,"2":1,"3":0,"4":1},"f":{},"b":{"0":[0,1],"1":[1,1]},"_coverageSchema":"1a1c01bbd47fc00a2c39e90264f33305004495a9","hash":"285961e26e9ba62d4ded08aaf79962722e7ebc9e"}
}
