{"C:\\Users\\mirru\\OneDrive\\Documents\\GitHub\\dev272-group-project\\app\\Auth.tsx": {"path":"C:\\Users\\mirru\\OneDrive\\Documents\\GitHub\\dev272-group-project\\app\\Auth.tsx","statementMap":{"0":{"start":{"line":19,"column":28},"end":{"line":19,"column":40}},"1":{"start":{"line":20,"column":34},"end":{"line":20,"column":46}},"2":{"start":{"line":21,"column":32},"end":{"line":21,"column":47}},"3":{"start":{"line":22,"column":52},"end":{"line":22,"column":67}},"4":{"start":{"line":25,"column":4},"end":{"line":28,"column":5}},"5":{"start":{"line":26,"column":6},"end":{"line":26,"column":59}},"6":{"start":{"line":27,"column":6},"end":{"line":27,"column":13}},"7":{"start":{"line":30,"column":4},"end":{"line":30,"column":21}},"8":{"start":{"line":31,"column":22},"end":{"line":34,"column":6}},"9":{"start":{"line":35,"column":4},"end":{"line":35,"column":22}},"10":{"start":{"line":37,"column":4},"end":{"line":42,"column":5}},"11":{"start":{"line":38,"column":6},"end":{"line":38,"column":49}},"12":{"start":{"line":40,"column":6},"end":{"line":40,"column":31}},"13":{"start":{"line":41,"column":6},"end":{"line":41,"column":32}},"14":{"start":{"line":46,"column":4},"end":{"line":49,"column":5}},"15":{"start":{"line":47,"column":6},"end":{"line":47,"column":59}},"16":{"start":{"line":48,"column":6},"end":{"line":48,"column":13}},"17":{"start":{"line":51,"column":4},"end":{"line":51,"column":21}},"18":{"start":{"line":55,"column":8},"end":{"line":55,"column":55}},"19":{"start":{"line":56,"column":4},"end":{"line":56,"column":22}},"20":{"start":{"line":58,"column":4},"end":{"line":65,"column":5}},"21":{"start":{"line":59,"column":6},"end":{"line":59,"column":50}},"22":{"start":{"line":60,"column":11},"end":{"line":65,"column":5}},"23":{"start":{"line":61,"column":6},"end":{"line":64,"column":8}},"24":{"start":{"line":69,"column":4},"end":{"line":69,"column":78}},"25":{"start":{"line":72,"column":2},"end":{"line":165,"column":4}},"26":{"start":{"line":120,"column":27},"end":{"line":120,"column":67}},"27":{"start":{"line":169,"column":15},"end":{"line":258,"column":2}}},"fnMap":{"0":{"name":"Auth","decl":{"start":{"line":18,"column":24},"end":{"line":18,"column":28}},"loc":{"start":{"line":18,"column":31},"end":{"line":166,"column":1}},"line":18},"1":{"name":"signInWithEmail","decl":{"start":{"line":24,"column":17},"end":{"line":24,"column":32}},"loc":{"start":{"line":24,"column":35},"end":{"line":43,"column":3}},"line":24},"2":{"name":"signUpWithEmail","decl":{"start":{"line":45,"column":17},"end":{"line":45,"column":32}},"loc":{"start":{"line":45,"column":35},"end":{"line":66,"column":3}},"line":45},"3":{"name":"forgotPassword","decl":{"start":{"line":68,"column":17},"end":{"line":68,"column":31}},"loc":{"start":{"line":68,"column":34},"end":{"line":70,"column":3}},"line":68},"4":{"name":"(anonymous_4)","decl":{"start":{"line":120,"column":21},"end":{"line":120,"column":22}},"loc":{"start":{"line":120,"column":27},"end":{"line":120,"column":67}},"line":120}},"branchMap":{"0":{"loc":{"start":{"line":25,"column":4},"end":{"line":28,"column":5}},"type":"if","locations":[{"start":{"line":25,"column":4},"end":{"line":28,"column":5}},{"start":{},"end":{}}],"line":25},"1":{"loc":{"start":{"line":25,"column":8},"end":{"line":25,"column":27}},"type":"binary-expr","locations":[{"start":{"line":25,"column":8},"end":{"line":25,"column":14}},{"start":{"line":25,"column":18},"end":{"line":25,"column":27}}],"line":25},"2":{"loc":{"start":{"line":37,"column":4},"end":{"line":42,"column":5}},"type":"if","locations":[{"start":{"line":37,"column":4},"end":{"line":42,"column":5}},{"start":{"line":39,"column":11},"end":{"line":42,"column":5}}],"line":37},"3":{"loc":{"start":{"line":46,"column":4},"end":{"line":49,"column":5}},"type":"if","locations":[{"start":{"line":46,"column":4},"end":{"line":49,"column":5}},{"start":{},"end":{}}],"line":46},"4":{"loc":{"start":{"line":46,"column":8},"end":{"line":46,"column":27}},"type":"binary-expr","locations":[{"start":{"line":46,"column":8},"end":{"line":46,"column":14}},{"start":{"line":46,"column":18},"end":{"line":46,"column":27}}],"line":46},"5":{"loc":{"start":{"line":58,"column":4},"end":{"line":65,"column":5}},"type":"if","locations":[{"start":{"line":58,"column":4},"end":{"line":65,"column":5}},{"start":{"line":60,"column":11},"end":{"line":65,"column":5}}],"line":58},"6":{"loc":{"start":{"line":60,"column":11},"end":{"line":65,"column":5}},"type":"if","locations":[{"start":{"line":60,"column":11},"end":{"line":65,"column":5}},{"start":{},"end":{}}],"line":60},"7":{"loc":{"start":{"line":75,"column":16},"end":{"line":75,"column":60}},"type":"cond-expr","locations":[{"start":{"line":75,"column":40},"end":{"line":75,"column":49}},{"start":{"line":75,"column":52},"end":{"line":75,"column":60}}],"line":75},"8":{"loc":{"start":{"line":124,"column":20},"end":{"line":124,"column":73}},"type":"cond-expr","locations":[{"start":{"line":124,"column":40},"end":{"line":124,"column":57}},{"start":{"line":124,"column":60},"end":{"line":124,"column":73}}],"line":124},"9":{"loc":{"start":{"line":128,"column":16},"end":{"line":128,"column":74}},"type":"cond-expr","locations":[{"start":{"line":128,"column":36},"end":{"line":128,"column":54}},{"start":{"line":128,"column":57},"end":{"line":128,"column":74}}],"line":128},"10":{"loc":{"start":{"line":135,"column":9},"end":{"line":141,"column":9}},"type":"binary-expr","locations":[{"start":{"line":135,"column":9},"end":{"line":135,"column":16}},{"start":{"line":136,"column":10},"end":{"line":140,"column":12}}],"line":135}},"s":{"0":15,"1":15,"2":15,"3":15,"4":3,"5":1,"6":1,"7":2,"8":2,"9":2,"10":2,"11":1,"12":1,"13":1,"14":1,"15":1,"16":1,"17":0,"18":0,"19":0,"20":0,"21":0,"22":0,"23":0,"24":0,"25":15,"26":1,"27":1},"f":{"0":15,"1":3,"2":1,"3":0,"4":1},"b":{"0":[1,2],"1":[3,2],"2":[1,1],"3":[1,0],"4":[1,0],"5":[0,0],"6":[0,0],"7":[15,0],"8":[1,14],"9":[1,14],"10":[15,2]},"_coverageSchema":"1a1c01bbd47fc00a2c39e90264f33305004495a9","hash":"54bf48636714dcdc69a72c52cabcc02d7aff4b45"}
,"C:\\Users\\mirru\\OneDrive\\Documents\\GitHub\\dev272-group-project\\app\\(tabs)\\home.tsx": {"path":"C:\\Users\\mirru\\OneDrive\\Documents\\GitHub\\dev272-group-project\\app\\(tabs)\\home.tsx","statementMap":{"0":{"start":{"line":27,"column":20},"end":{"line":32,"column":1}},"1":{"start":{"line":28,"column":15},"end":{"line":28,"column":36}},"2":{"start":{"line":29,"column":2},"end":{"line":29,"column":40}},"3":{"start":{"line":29,"column":17},"end":{"line":29,"column":40}},"4":{"start":{"line":30,"column":2},"end":{"line":30,"column":42}},"5":{"start":{"line":30,"column":17},"end":{"line":30,"column":42}},"6":{"start":{"line":31,"column":2},"end":{"line":31,"column":25}},"7":{"start":{"line":47,"column":59},"end":{"line":47,"column":69}},"8":{"start":{"line":48,"column":22},"end":{"line":48,"column":41}},"9":{"start":{"line":49,"column":25},"end":{"line":49,"column":40}},"10":{"start":{"line":50,"column":28},"end":{"line":50,"column":48}},"11":{"start":{"line":51,"column":42},"end":{"line":51,"column":57}},"12":{"start":{"line":53,"column":2},"end":{"line":55,"column":21}},"13":{"start":{"line":54,"column":4},"end":{"line":54,"column":27}},"14":{"start":{"line":57,"column":24},"end":{"line":76,"column":3}},"15":{"start":{"line":64,"column":4},"end":{"line":75,"column":5}},"16":{"start":{"line":65,"column":6},"end":{"line":71,"column":9}},"17":{"start":{"line":72,"column":6},"end":{"line":72,"column":29}},"18":{"start":{"line":74,"column":6},"end":{"line":74,"column":47}},"19":{"start":{"line":78,"column":27},"end":{"line":88,"column":3}},"20":{"start":{"line":79,"column":4},"end":{"line":79,"column":58}},"21":{"start":{"line":80,"column":20},"end":{"line":80,"column":40}},"22":{"start":{"line":81,"column":4},"end":{"line":81,"column":48}},"23":{"start":{"line":82,"column":4},"end":{"line":87,"column":5}},"24":{"start":{"line":83,"column":6},"end":{"line":83,"column":60}},"25":{"start":{"line":83,"column":23},"end":{"line":83,"column":58}},"26":{"start":{"line":83,"column":43},"end":{"line":83,"column":57}},"27":{"start":{"line":84,"column":6},"end":{"line":84,"column":56}},"28":{"start":{"line":86,"column":6},"end":{"line":86,"column":63}},"29":{"start":{"line":90,"column":26},"end":{"line":128,"column":3}},"30":{"start":{"line":91,"column":26},"end":{"line":91,"column":28}},"31":{"start":{"line":92,"column":25},"end":{"line":92,"column":27}},"32":{"start":{"line":93,"column":26},"end":{"line":93,"column":28}},"33":{"start":{"line":94,"column":30},"end":{"line":94,"column":32}},"34":{"start":{"line":95,"column":28},"end":{"line":95,"column":30}},"35":{"start":{"line":97,"column":16},"end":{"line":97,"column":26}},"36":{"start":{"line":98,"column":23},"end":{"line":98,"column":37}},"37":{"start":{"line":100,"column":4},"end":{"line":116,"column":7}},"38":{"start":{"line":101,"column":6},"end":{"line":101,"column":54}},"39":{"start":{"line":101,"column":26},"end":{"line":101,"column":54}},"40":{"start":{"line":103,"column":18},"end":{"line":103,"column":40}},"41":{"start":{"line":105,"column":6},"end":{"line":110,"column":7}},"42":{"start":{"line":106,"column":25},"end":{"line":106,"column":55}},"43":{"start":{"line":107,"column":8},"end":{"line":109,"column":9}},"44":{"start":{"line":108,"column":10},"end":{"line":108,"column":34}},"45":{"start":{"line":112,"column":6},"end":{"line":112,"column":63}},"46":{"start":{"line":112,"column":37},"end":{"line":112,"column":63}},"47":{"start":{"line":113,"column":6},"end":{"line":113,"column":48}},"48":{"start":{"line":113,"column":24},"end":{"line":113,"column":48}},"49":{"start":{"line":114,"column":6},"end":{"line":114,"column":71}},"50":{"start":{"line":114,"column":48},"end":{"line":114,"column":71}},"51":{"start":{"line":115,"column":6},"end":{"line":115,"column":52}},"52":{"start":{"line":115,"column":28},"end":{"line":115,"column":52}},"53":{"start":{"line":118,"column":26},"end":{"line":119,"column":67}},"54":{"start":{"line":119,"column":6},"end":{"line":119,"column":67}},"55":{"start":{"line":121,"column":4},"end":{"line":127,"column":6}},"56":{"start":{"line":131,"column":4},"end":{"line":131,"column":26}},"57":{"start":{"line":133,"column":24},"end":{"line":155,"column":3}},"58":{"start":{"line":134,"column":4},"end":{"line":154,"column":11}},"59":{"start":{"line":146,"column":10},"end":{"line":151,"column":12}},"60":{"start":{"line":157,"column":2},"end":{"line":237,"column":4}},"61":{"start":{"line":225,"column":23},"end":{"line":225,"column":44}},"62":{"start":{"line":233,"column":23},"end":{"line":233,"column":45}},"63":{"start":{"line":240,"column":15},"end":{"line":367,"column":2}}},"fnMap":{"0":{"name":"(anonymous_0)","decl":{"start":{"line":27,"column":20},"end":{"line":27,"column":21}},"loc":{"start":{"line":27,"column":26},"end":{"line":32,"column":1}},"line":27},"1":{"name":"Home","decl":{"start":{"line":46,"column":24},"end":{"line":46,"column":28}},"loc":{"start":{"line":46,"column":31},"end":{"line":238,"column":1}},"line":46},"2":{"name":"(anonymous_2)","decl":{"start":{"line":53,"column":12},"end":{"line":53,"column":13}},"loc":{"start":{"line":53,"column":18},"end":{"line":55,"column":3}},"line":53},"3":{"name":"(anonymous_3)","decl":{"start":{"line":57,"column":24},"end":{"line":57,"column":25}},"loc":{"start":{"line":63,"column":7},"end":{"line":76,"column":3}},"line":63},"4":{"name":"(anonymous_4)","decl":{"start":{"line":78,"column":27},"end":{"line":78,"column":28}},"loc":{"start":{"line":78,"column":49},"end":{"line":88,"column":3}},"line":78},"5":{"name":"(anonymous_5)","decl":{"start":{"line":83,"column":15},"end":{"line":83,"column":16}},"loc":{"start":{"line":83,"column":23},"end":{"line":83,"column":58}},"line":83},"6":{"name":"(anonymous_6)","decl":{"start":{"line":83,"column":35},"end":{"line":83,"column":36}},"loc":{"start":{"line":83,"column":43},"end":{"line":83,"column":57}},"line":83},"7":{"name":"(anonymous_7)","decl":{"start":{"line":90,"column":26},"end":{"line":90,"column":27}},"loc":{"start":{"line":90,"column":45},"end":{"line":128,"column":3}},"line":90},"8":{"name":"(anonymous_8)","decl":{"start":{"line":100,"column":18},"end":{"line":100,"column":19}},"loc":{"start":{"line":100,"column":26},"end":{"line":116,"column":5}},"line":100},"9":{"name":"(anonymous_9)","decl":{"start":{"line":118,"column":26},"end":{"line":118,"column":27}},"loc":{"start":{"line":119,"column":6},"end":{"line":119,"column":67}},"line":119},"10":{"name":"(anonymous_10)","decl":{"start":{"line":133,"column":24},"end":{"line":133,"column":25}},"loc":{"start":{"line":134,"column":4},"end":{"line":154,"column":11}},"line":134},"11":{"name":"(anonymous_11)","decl":{"start":{"line":145,"column":26},"end":{"line":145,"column":27}},"loc":{"start":{"line":146,"column":10},"end":{"line":151,"column":12}},"line":146},"12":{"name":"(anonymous_12)","decl":{"start":{"line":225,"column":17},"end":{"line":225,"column":18}},"loc":{"start":{"line":225,"column":23},"end":{"line":225,"column":44}},"line":225},"13":{"name":"(anonymous_13)","decl":{"start":{"line":233,"column":17},"end":{"line":233,"column":18}},"loc":{"start":{"line":233,"column":23},"end":{"line":233,"column":45}},"line":233}},"branchMap":{"0":{"loc":{"start":{"line":29,"column":2},"end":{"line":29,"column":40}},"type":"if","locations":[{"start":{"line":29,"column":2},"end":{"line":29,"column":40}},{"start":{},"end":{}}],"line":29},"1":{"loc":{"start":{"line":30,"column":2},"end":{"line":30,"column":42}},"type":"if","locations":[{"start":{"line":30,"column":2},"end":{"line":30,"column":42}},{"start":{},"end":{}}],"line":30},"2":{"loc":{"start":{"line":69,"column":18},"end":{"line":69,"column":41}},"type":"binary-expr","locations":[{"start":{"line":69,"column":18},"end":{"line":69,"column":28}},{"start":{"line":69,"column":32},"end":{"line":69,"column":41}}],"line":69},"3":{"loc":{"start":{"line":82,"column":4},"end":{"line":87,"column":5}},"type":"if","locations":[{"start":{"line":82,"column":4},"end":{"line":87,"column":5}},{"start":{"line":85,"column":11},"end":{"line":87,"column":5}}],"line":82},"4":{"loc":{"start":{"line":101,"column":6},"end":{"line":101,"column":54}},"type":"if","locations":[{"start":{"line":101,"column":6},"end":{"line":101,"column":54}},{"start":{},"end":{}}],"line":101},"5":{"loc":{"start":{"line":105,"column":6},"end":{"line":110,"column":7}},"type":"if","locations":[{"start":{"line":105,"column":6},"end":{"line":110,"column":7}},{"start":{},"end":{}}],"line":105},"6":{"loc":{"start":{"line":105,"column":10},"end":{"line":105,"column":48}},"type":"binary-expr","locations":[{"start":{"line":105,"column":10},"end":{"line":105,"column":24}},{"start":{"line":105,"column":28},"end":{"line":105,"column":48}}],"line":105},"7":{"loc":{"start":{"line":107,"column":8},"end":{"line":109,"column":9}},"type":"if","locations":[{"start":{"line":107,"column":8},"end":{"line":109,"column":9}},{"start":{},"end":{}}],"line":107},"8":{"loc":{"start":{"line":112,"column":6},"end":{"line":112,"column":63}},"type":"if","locations":[{"start":{"line":112,"column":6},"end":{"line":112,"column":63}},{"start":{},"end":{}}],"line":112},"9":{"loc":{"start":{"line":113,"column":6},"end":{"line":113,"column":48}},"type":"if","locations":[{"start":{"line":113,"column":6},"end":{"line":113,"column":48}},{"start":{},"end":{}}],"line":113},"10":{"loc":{"start":{"line":114,"column":6},"end":{"line":114,"column":71}},"type":"if","locations":[{"start":{"line":114,"column":6},"end":{"line":114,"column":71}},{"start":{},"end":{}}],"line":114},"11":{"loc":{"start":{"line":115,"column":6},"end":{"line":115,"column":52}},"type":"if","locations":[{"start":{"line":115,"column":6},"end":{"line":115,"column":52}},{"start":{},"end":{}}],"line":115},"12":{"loc":{"start":{"line":142,"column":7},"end":{"line":153,"column":7}},"type":"cond-expr","locations":[{"start":{"line":143,"column":8},"end":{"line":143,"column":71}},{"start":{"line":145,"column":8},"end":{"line":152,"column":10}}],"line":142},"13":{"loc":{"start":{"line":160,"column":9},"end":{"line":220,"column":9}},"type":"cond-expr","locations":[{"start":{"line":161,"column":10},"end":{"line":161,"column":33}},{"start":{"line":162,"column":12},"end":{"line":220,"column":9}}],"line":160},"14":{"loc":{"start":{"line":162,"column":12},"end":{"line":220,"column":9}},"type":"cond-expr","locations":[{"start":{"line":163,"column":10},"end":{"line":163,"column":76}},{"start":{"line":165,"column":10},"end":{"line":219,"column":13}}],"line":162},"15":{"loc":{"start":{"line":187,"column":22},"end":{"line":187,"column":60}},"type":"binary-expr","locations":[{"start":{"line":187,"column":22},"end":{"line":187,"column":38}},{"start":{"line":187,"column":42},"end":{"line":187,"column":60}}],"line":187},"16":{"loc":{"start":{"line":205,"column":24},"end":{"line":207,"column":29}},"type":"cond-expr","locations":[{"start":{"line":206,"column":28},"end":{"line":206,"column":67}},{"start":{"line":207,"column":28},"end":{"line":207,"column":29}}],"line":205}},"s":{"0":1,"1":0,"2":0,"3":0,"4":0,"5":0,"6":0,"7":3,"8":3,"9":3,"10":3,"11":3,"12":3,"13":1,"14":3,"15":0,"16":0,"17":0,"18":0,"19":3,"20":0,"21":0,"22":0,"23":0,"24":0,"25":0,"26":0,"27":0,"28":0,"29":3,"30":3,"31":3,"32":3,"33":3,"34":3,"35":3,"36":3,"37":3,"38":0,"39":0,"40":0,"41":0,"42":0,"43":0,"44":0,"45":0,"46":0,"47":0,"48":0,"49":0,"50":0,"51":0,"52":0,"53":3,"54":0,"55":3,"56":3,"57":3,"58":0,"59":0,"60":3,"61":0,"62":0,"63":1},"f":{"0":0,"1":3,"2":1,"3":0,"4":0,"5":0,"6":0,"7":3,"8":0,"9":0,"10":0,"11":0,"12":0,"13":0},"b":{"0":[0,0],"1":[0,0],"2":[0,0],"3":[0,0],"4":[0,0],"5":[0,0],"6":[0,0],"7":[0,0],"8":[0,0],"9":[0,0],"10":[0,0],"11":[0,0],"12":[0,0],"13":[2,1],"14":[1,0],"15":[0,0],"16":[0,0]},"_coverageSchema":"1a1c01bbd47fc00a2c39e90264f33305004495a9","hash":"c6d7fd7712664b5b2f58ba41a8a56dc1f1260f13"}
,"C:\\Users\\mirru\\OneDrive\\Documents\\GitHub\\dev272-group-project\\components\\AddTaskModal.tsx": {"path":"C:\\Users\\mirru\\OneDrive\\Documents\\GitHub\\dev272-group-project\\components\\AddTaskModal.tsx","statementMap":{"0":{"start":{"line":27,"column":50},"end":{"line":240,"column":1}},"1":{"start":{"line":32,"column":34},"end":{"line":32,"column":46}},"2":{"start":{"line":33,"column":26},"end":{"line":33,"column":46}},"3":{"start":{"line":34,"column":38},"end":{"line":34,"column":53}},"4":{"start":{"line":35,"column":40},"end":{"line":35,"column":55}},"5":{"start":{"line":36,"column":38},"end":{"line":36,"column":50}},"6":{"start":{"line":37,"column":34},"end":{"line":37,"column":71}},"7":{"start":{"line":38,"column":30},"end":{"line":41,"column":4}},"8":{"start":{"line":42,"column":36},"end":{"line":42,"column":48}},"9":{"start":{"line":43,"column":36},"end":{"line":43,"column":48}},"10":{"start":{"line":45,"column":21},"end":{"line":50,"column":3}},"11":{"start":{"line":46,"column":18},"end":{"line":46,"column":62}},"12":{"start":{"line":47,"column":16},"end":{"line":47,"column":55}},"13":{"start":{"line":48,"column":17},"end":{"line":48,"column":35}},"14":{"start":{"line":49,"column":4},"end":{"line":49,"column":37}},"15":{"start":{"line":52,"column":2},"end":{"line":59,"column":16}},"16":{"start":{"line":53,"column":4},"end":{"line":58,"column":5}},"17":{"start":{"line":54,"column":18},"end":{"line":54,"column":28}},"18":{"start":{"line":55,"column":6},"end":{"line":55,"column":19}},"19":{"start":{"line":56,"column":6},"end":{"line":56,"column":36}},"20":{"start":{"line":57,"column":6},"end":{"line":57,"column":23}},"21":{"start":{"line":61,"column":27},"end":{"line":66,"column":3}},"22":{"start":{"line":62,"column":4},"end":{"line":62,"column":25}},"23":{"start":{"line":63,"column":4},"end":{"line":65,"column":5}},"24":{"start":{"line":64,"column":6},"end":{"line":64,"column":28}},"25":{"start":{"line":68,"column":23},"end":{"line":99,"column":3}},"26":{"start":{"line":69,"column":29},"end":{"line":73,"column":5}},"27":{"start":{"line":74,"column":21},"end":{"line":76,"column":5}},"28":{"start":{"line":75,"column":15},"end":{"line":75,"column":27}},"29":{"start":{"line":78,"column":4},"end":{"line":78,"column":32}},"30":{"start":{"line":79,"column":4},"end":{"line":79,"column":25}},"31":{"start":{"line":79,"column":18},"end":{"line":79,"column":25}},"32":{"start":{"line":81,"column":23},"end":{"line":81,"column":41}},"33":{"start":{"line":82,"column":26},"end":{"line":82,"column":50}},"34":{"start":{"line":84,"column":4},"end":{"line":90,"column":6}},"35":{"start":{"line":92,"column":4},"end":{"line":92,"column":20}},"36":{"start":{"line":93,"column":4},"end":{"line":93,"column":24}},"37":{"start":{"line":94,"column":4},"end":{"line":94,"column":26}},"38":{"start":{"line":95,"column":4},"end":{"line":95,"column":22}},"39":{"start":{"line":96,"column":4},"end":{"line":96,"column":25}},"40":{"start":{"line":97,"column":4},"end":{"line":97,"column":48}},"41":{"start":{"line":98,"column":4},"end":{"line":98,"column":14}},"42":{"start":{"line":101,"column":2},"end":{"line":239,"column":4}},"43":{"start":{"line":131,"column":18},"end":{"line":131,"column":37}},"44":{"start":{"line":132,"column":45},"end":{"line":132,"column":60}},"45":{"start":{"line":133,"column":37},"end":{"line":133,"column":72}},"46":{"start":{"line":134,"column":18},"end":{"line":144,"column":19}},"47":{"start":{"line":138,"column":20},"end":{"line":138,"column":40}},"48":{"start":{"line":139,"column":20},"end":{"line":139,"column":37}},"49":{"start":{"line":141,"column":20},"end":{"line":143,"column":22}},"50":{"start":{"line":154,"column":31},"end":{"line":154,"column":50}},"51":{"start":{"line":179,"column":18},"end":{"line":195,"column":37}},"52":{"start":{"line":185,"column":35},"end":{"line":185,"column":74}},"53":{"start":{"line":244,"column":15},"end":{"line":342,"column":2}}},"fnMap":{"0":{"name":"(anonymous_0)","decl":{"start":{"line":27,"column":50},"end":{"line":27,"column":51}},"loc":{"start":{"line":31,"column":6},"end":{"line":240,"column":1}},"line":31},"1":{"name":"(anonymous_1)","decl":{"start":{"line":45,"column":21},"end":{"line":45,"column":22}},"loc":{"start":{"line":45,"column":37},"end":{"line":50,"column":3}},"line":45},"2":{"name":"(anonymous_2)","decl":{"start":{"line":52,"column":12},"end":{"line":52,"column":13}},"loc":{"start":{"line":52,"column":18},"end":{"line":59,"column":3}},"line":52},"3":{"name":"(anonymous_3)","decl":{"start":{"line":61,"column":27},"end":{"line":61,"column":28}},"loc":{"start":{"line":61,"column":64},"end":{"line":66,"column":3}},"line":61},"4":{"name":"(anonymous_4)","decl":{"start":{"line":68,"column":23},"end":{"line":68,"column":24}},"loc":{"start":{"line":68,"column":29},"end":{"line":99,"column":3}},"line":68},"5":{"name":"(anonymous_5)","decl":{"start":{"line":75,"column":6},"end":{"line":75,"column":7}},"loc":{"start":{"line":75,"column":15},"end":{"line":75,"column":27}},"line":75},"6":{"name":"(anonymous_6)","decl":{"start":{"line":130,"column":30},"end":{"line":130,"column":31}},"loc":{"start":{"line":130,"column":38},"end":{"line":145,"column":17}},"line":130},"7":{"name":"(anonymous_7)","decl":{"start":{"line":154,"column":25},"end":{"line":154,"column":26}},"loc":{"start":{"line":154,"column":31},"end":{"line":154,"column":50}},"line":154},"8":{"name":"(anonymous_8)","decl":{"start":{"line":178,"column":41},"end":{"line":178,"column":42}},"loc":{"start":{"line":179,"column":18},"end":{"line":195,"column":37}},"line":179},"9":{"name":"(anonymous_9)","decl":{"start":{"line":185,"column":29},"end":{"line":185,"column":30}},"loc":{"start":{"line":185,"column":35},"end":{"line":185,"column":74}},"line":185}},"branchMap":{"0":{"loc":{"start":{"line":53,"column":4},"end":{"line":58,"column":5}},"type":"if","locations":[{"start":{"line":53,"column":4},"end":{"line":58,"column":5}},{"start":{},"end":{}}],"line":53},"1":{"loc":{"start":{"line":63,"column":4},"end":{"line":65,"column":5}},"type":"if","locations":[{"start":{"line":63,"column":4},"end":{"line":65,"column":5}},{"start":{},"end":{}}],"line":63},"2":{"loc":{"start":{"line":79,"column":4},"end":{"line":79,"column":25}},"type":"if","locations":[{"start":{"line":79,"column":4},"end":{"line":79,"column":25}},{"start":{},"end":{}}],"line":79},"3":{"loc":{"start":{"line":88,"column":6},"end":{"line":88,"column":40}},"type":"cond-expr","locations":[{"start":{"line":88,"column":20},"end":{"line":88,"column":33}},{"start":{"line":88,"column":36},"end":{"line":88,"column":40}}],"line":88},"4":{"loc":{"start":{"line":119,"column":11},"end":{"line":121,"column":18}},"type":"cond-expr","locations":[{"start":{"line":120,"column":12},"end":{"line":120,"column":67}},{"start":{"line":121,"column":14},"end":{"line":121,"column":18}}],"line":119},"5":{"loc":{"start":{"line":123,"column":11},"end":{"line":172,"column":11}},"type":"cond-expr","locations":[{"start":{"line":124,"column":12},"end":{"line":150,"column":15}},{"start":{"line":152,"column":12},"end":{"line":171,"column":15}}],"line":123},"6":{"loc":{"start":{"line":134,"column":18},"end":{"line":144,"column":19}},"type":"if","locations":[{"start":{"line":134,"column":18},"end":{"line":144,"column":19}},{"start":{"line":140,"column":25},"end":{"line":144,"column":19}}],"line":134},"7":{"loc":{"start":{"line":135,"column":20},"end":{"line":136,"column":48}},"type":"binary-expr","locations":[{"start":{"line":135,"column":20},"end":{"line":135,"column":52}},{"start":{"line":136,"column":20},"end":{"line":136,"column":48}}],"line":135},"8":{"loc":{"start":{"line":147,"column":15},"end":{"line":149,"column":22}},"type":"cond-expr","locations":[{"start":{"line":148,"column":16},"end":{"line":148,"column":65}},{"start":{"line":149,"column":18},"end":{"line":149,"column":22}}],"line":147},"9":{"loc":{"start":{"line":158,"column":34},"end":{"line":158,"column":74}},"type":"cond-expr","locations":[{"start":{"line":158,"column":53},"end":{"line":158,"column":62}},{"start":{"line":158,"column":65},"end":{"line":158,"column":74}}],"line":158},"10":{"loc":{"start":{"line":160,"column":19},"end":{"line":160,"column":56}},"type":"binary-expr","locations":[{"start":{"line":160,"column":19},"end":{"line":160,"column":35}},{"start":{"line":160,"column":39},"end":{"line":160,"column":56}}],"line":160},"11":{"loc":{"start":{"line":163,"column":15},"end":{"line":170,"column":15}},"type":"binary-expr","locations":[{"start":{"line":163,"column":15},"end":{"line":163,"column":25}},{"start":{"line":164,"column":16},"end":{"line":169,"column":18}}],"line":163},"12":{"loc":{"start":{"line":183,"column":22},"end":{"line":183,"column":68}},"type":"binary-expr","locations":[{"start":{"line":183,"column":22},"end":{"line":183,"column":39}},{"start":{"line":183,"column":43},"end":{"line":183,"column":68}}],"line":183},"13":{"loc":{"start":{"line":190,"column":24},"end":{"line":190,"column":74}},"type":"binary-expr","locations":[{"start":{"line":190,"column":24},"end":{"line":190,"column":41}},{"start":{"line":190,"column":45},"end":{"line":190,"column":74}}],"line":190},"14":{"loc":{"start":{"line":206,"column":11},"end":{"line":220,"column":11}},"type":"binary-expr","locations":[{"start":{"line":206,"column":11},"end":{"line":206,"column":22}},{"start":{"line":207,"column":12},"end":{"line":219,"column":15}}],"line":206},"15":{"loc":{"start":{"line":216,"column":15},"end":{"line":218,"column":22}},"type":"cond-expr","locations":[{"start":{"line":217,"column":16},"end":{"line":217,"column":73}},{"start":{"line":218,"column":18},"end":{"line":218,"column":22}}],"line":216}},"s":{"0":1,"1":3,"2":3,"3":3,"4":3,"5":3,"6":3,"7":3,"8":3,"9":3,"10":3,"11":6,"12":6,"13":6,"14":6,"15":3,"16":1,"17":0,"18":0,"19":0,"20":0,"21":3,"22":0,"23":0,"24":0,"25":3,"26":0,"27":0,"28":0,"29":0,"30":0,"31":0,"32":0,"33":0,"34":0,"35":0,"36":0,"37":0,"38":0,"39":0,"40":0,"41":0,"42":3,"43":0,"44":0,"45":0,"46":0,"47":0,"48":0,"49":0,"50":0,"51":6,"52":0,"53":1},"f":{"0":3,"1":6,"2":1,"3":0,"4":0,"5":0,"6":0,"7":0,"8":6,"9":0},"b":{"0":[0,1],"1":[0,0],"2":[0,0],"3":[0,0],"4":[0,3],"5":[0,3],"6":[0,0],"7":[0,0],"8":[0,0],"9":[3,0],"10":[3,0],"11":[3,0],"12":[6,3],"13":[6,3],"14":[3,0],"15":[0,0]},"_coverageSchema":"1a1c01bbd47fc00a2c39e90264f33305004495a9","hash":"505c1c7b59f1ba14b844f8fcc60e66082db1ffcf"}
,"C:\\Users\\mirru\\OneDrive\\Documents\\GitHub\\dev272-group-project\\components\\TaskCard.tsx": {"path":"C:\\Users\\mirru\\OneDrive\\Documents\\GitHub\\dev272-group-project\\components\\TaskCard.tsx","statementMap":{"0":{"start":{"line":4,"column":17},"end":{"line":17,"column":1}},"1":{"start":{"line":5,"column":2},"end":{"line":16,"column":4}},"2":{"start":{"line":19,"column":15},"end":{"line":41,"column":2}}},"fnMap":{"0":{"name":"(anonymous_0)","decl":{"start":{"line":4,"column":17},"end":{"line":4,"column":18}},"loc":{"start":{"line":4,"column":45},"end":{"line":17,"column":1}},"line":4}},"branchMap":{"0":{"loc":{"start":{"line":8,"column":7},"end":{"line":14,"column":7}},"type":"cond-expr","locations":[{"start":{"line":9,"column":8},"end":{"line":11,"column":15}},{"start":{"line":13,"column":8},"end":{"line":13,"column":69}}],"line":8},"1":{"loc":{"start":{"line":8,"column":7},"end":{"line":8,"column":50}},"type":"binary-expr","locations":[{"start":{"line":8,"column":7},"end":{"line":8,"column":24}},{"start":{"line":8,"column":28},"end":{"line":8,"column":50}}],"line":8},"2":{"loc":{"start":{"line":10,"column":47},"end":{"line":10,"column":72}},"type":"cond-expr","locations":[{"start":{"line":10,"column":64},"end":{"line":10,"column":66}},{"start":{"line":10,"column":69},"end":{"line":10,"column":72}}],"line":10}},"s":{"0":1,"1":4,"2":1},"f":{"0":4},"b":{"0":[3,1],"1":[4,4],"2":[1,2]},"_coverageSchema":"1a1c01bbd47fc00a2c39e90264f33305004495a9","hash":"c49ac0f98c7968f8b351623158505cc02628079e"}
,"C:\\Users\\mirru\\OneDrive\\Documents\\GitHub\\dev272-group-project\\components\\TaskCardToggle.tsx": {"path":"C:\\Users\\mirru\\OneDrive\\Documents\\GitHub\\dev272-group-project\\components\\TaskCardToggle.tsx","statementMap":{"0":{"start":{"line":27,"column":25},"end":{"line":31,"column":3}},"1":{"start":{"line":28,"column":21},"end":{"line":28,"column":31}},"2":{"start":{"line":29,"column":4},"end":{"line":29,"column":48}},"3":{"start":{"line":30,"column":4},"end":{"line":30,"column":20}},"4":{"start":{"line":33,"column":23},"end":{"line":106,"column":3}},"5":{"start":{"line":34,"column":30},"end":{"line":34,"column":45}},"6":{"start":{"line":36,"column":35},"end":{"line":39,"column":24}},"7":{"start":{"line":41,"column":4},"end":{"line":45,"column":5}},"8":{"start":{"line":42,"column":6},"end":{"line":42,"column":60}},"9":{"start":{"line":43,"column":6},"end":{"line":43,"column":50}},"10":{"start":{"line":44,"column":6},"end":{"line":44,"column":13}},"11":{"start":{"line":47,"column":4},"end":{"line":103,"column":5}},"12":{"start":{"line":51,"column":10},"end":{"line":51,"column":39}},"13":{"start":{"line":53,"column":6},"end":{"line":102,"column":7}},"14":{"start":{"line":54,"column":8},"end":{"line":54,"column":60}},"15":{"start":{"line":56,"column":59},"end":{"line":62,"column":50}},"16":{"start":{"line":64,"column":8},"end":{"line":101,"column":9}},"17":{"start":{"line":65,"column":10},"end":{"line":65,"column":76}},"18":{"start":{"line":66,"column":15},"end":{"line":101,"column":9}},"19":{"start":{"line":67,"column":33},"end":{"line":67,"column":43}},"20":{"start":{"line":68,"column":34},"end":{"line":68,"column":56}},"21":{"start":{"line":69,"column":33},"end":{"line":72,"column":11}},"22":{"start":{"line":73,"column":30},"end":{"line":73,"column":78}},"23":{"start":{"line":74,"column":30},"end":{"line":74,"column":57}},"24":{"start":{"line":76,"column":41},"end":{"line":89,"column":14}},"25":{"start":{"line":91,"column":10},"end":{"line":98,"column":11}},"26":{"start":{"line":92,"column":12},"end":{"line":97,"column":15}},"27":{"start":{"line":100,"column":10},"end":{"line":100,"column":70}},"28":{"start":{"line":105,"column":4},"end":{"line":105,"column":21}},"29":{"start":{"line":108,"column":23},"end":{"line":111,"column":3}},"30":{"start":{"line":109,"column":4},"end":{"line":109,"column":63}},"31":{"start":{"line":110,"column":4},"end":{"line":110,"column":22}},"32":{"start":{"line":113,"column":2},"end":{"line":125,"column":4}},"33":{"start":{"line":128,"column":15},"end":{"line":150,"column":2}}},"fnMap":{"0":{"name":"TaskCardToggle","decl":{"start":{"line":22,"column":24},"end":{"line":22,"column":38}},"loc":{"start":{"line":26,"column":24},"end":{"line":126,"column":1}},"line":26},"1":{"name":"(anonymous_1)","decl":{"start":{"line":27,"column":25},"end":{"line":27,"column":26}},"loc":{"start":{"line":27,"column":49},"end":{"line":31,"column":3}},"line":27},"2":{"name":"(anonymous_2)","decl":{"start":{"line":33,"column":23},"end":{"line":33,"column":24}},"loc":{"start":{"line":33,"column":35},"end":{"line":106,"column":3}},"line":33},"3":{"name":"(anonymous_3)","decl":{"start":{"line":108,"column":23},"end":{"line":108,"column":24}},"loc":{"start":{"line":108,"column":29},"end":{"line":111,"column":3}},"line":108}},"branchMap":{"0":{"loc":{"start":{"line":41,"column":4},"end":{"line":45,"column":5}},"type":"if","locations":[{"start":{"line":41,"column":4},"end":{"line":45,"column":5}},{"start":{},"end":{}}],"line":41},"1":{"loc":{"start":{"line":47,"column":4},"end":{"line":103,"column":5}},"type":"if","locations":[{"start":{"line":47,"column":4},"end":{"line":103,"column":5}},{"start":{},"end":{}}],"line":47},"2":{"loc":{"start":{"line":47,"column":8},"end":{"line":47,"column":67}},"type":"binary-expr","locations":[{"start":{"line":47,"column":8},"end":{"line":47,"column":25}},{"start":{"line":47,"column":29},"end":{"line":47,"column":46}},{"start":{"line":47,"column":50},"end":{"line":47,"column":67}}],"line":47},"3":{"loc":{"start":{"line":53,"column":6},"end":{"line":102,"column":7}},"type":"if","locations":[{"start":{"line":53,"column":6},"end":{"line":102,"column":7}},{"start":{"line":55,"column":13},"end":{"line":102,"column":7}}],"line":53},"4":{"loc":{"start":{"line":53,"column":10},"end":{"line":53,"column":28}},"type":"binary-expr","locations":[{"start":{"line":53,"column":10},"end":{"line":53,"column":19}},{"start":{"line":53,"column":23},"end":{"line":53,"column":28}}],"line":53},"5":{"loc":{"start":{"line":64,"column":8},"end":{"line":101,"column":9}},"type":"if","locations":[{"start":{"line":64,"column":8},"end":{"line":101,"column":9}},{"start":{"line":66,"column":15},"end":{"line":101,"column":9}}],"line":64},"6":{"loc":{"start":{"line":66,"column":15},"end":{"line":101,"column":9}},"type":"if","locations":[{"start":{"line":66,"column":15},"end":{"line":101,"column":9}},{"start":{"line":99,"column":15},"end":{"line":101,"column":9}}],"line":66},"7":{"loc":{"start":{"line":66,"column":19},"end":{"line":66,"column":63}},"type":"binary-expr","locations":[{"start":{"line":66,"column":19},"end":{"line":66,"column":33}},{"start":{"line":66,"column":37},"end":{"line":66,"column":63}}],"line":66},"8":{"loc":{"start":{"line":87,"column":22},"end":{"line":87,"column":42}},"type":"binary-expr","locations":[{"start":{"line":87,"column":22},"end":{"line":87,"column":31}},{"start":{"line":87,"column":35},"end":{"line":87,"column":42}}],"line":87},"9":{"loc":{"start":{"line":91,"column":10},"end":{"line":98,"column":11}},"type":"if","locations":[{"start":{"line":91,"column":10},"end":{"line":98,"column":11}},{"start":{},"end":{}}],"line":91},"10":{"loc":{"start":{"line":119,"column":17},"end":{"line":119,"column":53}},"type":"cond-expr","locations":[{"start":{"line":119,"column":34},"end":{"line":119,"column":40}},{"start":{"line":119,"column":43},"end":{"line":119,"column":53}}],"line":119}},"s":{"0":0,"1":0,"2":0,"3":0,"4":0,"5":0,"6":0,"7":0,"8":0,"9":0,"10":0,"11":0,"12":0,"13":0,"14":0,"15":0,"16":0,"17":0,"18":0,"19":0,"20":0,"21":0,"22":0,"23":0,"24":0,"25":0,"26":0,"27":0,"28":0,"29":0,"30":0,"31":0,"32":0,"33":1},"f":{"0":0,"1":0,"2":0,"3":0},"b":{"0":[0,0],"1":[0,0],"2":[0,0,0],"3":[0,0],"4":[0,0],"5":[0,0],"6":[0,0],"7":[0,0],"8":[0,0],"9":[0,0],"10":[0,0]},"_coverageSchema":"1a1c01bbd47fc00a2c39e90264f33305004495a9","hash":"54868b4491d7d810cd14c5a8e7a710772652142f"}
,"C:\\Users\\mirru\\OneDrive\\Documents\\GitHub\\dev272-group-project\\components\\ThemedText.tsx": {"path":"C:\\Users\\mirru\\OneDrive\\Documents\\GitHub\\dev272-group-project\\components\\ThemedText.tsx","statementMap":{"0":{"start":{"line":18,"column":16},"end":{"line":18,"column":77}},"1":{"start":{"line":20,"column":2},"end":{"line":33,"column":4}},"2":{"start":{"line":36,"column":15},"end":{"line":60,"column":2}}},"fnMap":{"0":{"name":"ThemedText","decl":{"start":{"line":11,"column":16},"end":{"line":11,"column":26}},"loc":{"start":{"line":17,"column":20},"end":{"line":34,"column":1}},"line":17}},"branchMap":{"0":{"loc":{"start":{"line":15,"column":2},"end":{"line":15,"column":18}},"type":"default-arg","locations":[{"start":{"line":15,"column":9},"end":{"line":15,"column":18}}],"line":15},"1":{"loc":{"start":{"line":24,"column":8},"end":{"line":24,"column":55}},"type":"cond-expr","locations":[{"start":{"line":24,"column":29},"end":{"line":24,"column":43}},{"start":{"line":24,"column":46},"end":{"line":24,"column":55}}],"line":24},"2":{"loc":{"start":{"line":25,"column":8},"end":{"line":25,"column":51}},"type":"cond-expr","locations":[{"start":{"line":25,"column":27},"end":{"line":25,"column":39}},{"start":{"line":25,"column":42},"end":{"line":25,"column":51}}],"line":25},"3":{"loc":{"start":{"line":26,"column":8},"end":{"line":26,"column":71}},"type":"cond-expr","locations":[{"start":{"line":26,"column":37},"end":{"line":26,"column":59}},{"start":{"line":26,"column":62},"end":{"line":26,"column":71}}],"line":26},"4":{"loc":{"start":{"line":27,"column":8},"end":{"line":27,"column":57}},"type":"cond-expr","locations":[{"start":{"line":27,"column":30},"end":{"line":27,"column":45}},{"start":{"line":27,"column":48},"end":{"line":27,"column":57}}],"line":27},"5":{"loc":{"start":{"line":28,"column":8},"end":{"line":28,"column":49}},"type":"cond-expr","locations":[{"start":{"line":28,"column":26},"end":{"line":28,"column":37}},{"start":{"line":28,"column":40},"end":{"line":28,"column":49}}],"line":28}},"s":{"0":0,"1":0,"2":1},"f":{"0":0},"b":{"0":[0],"1":[0,0],"2":[0,0],"3":[0,0],"4":[0,0],"5":[0,0]},"_coverageSchema":"1a1c01bbd47fc00a2c39e90264f33305004495a9","hash":"bce7d352ca6aef664abc06742f513e8b85fbba99"}
,"C:\\Users\\mirru\\OneDrive\\Documents\\GitHub\\dev272-group-project\\constants\\Colors.ts": {"path":"C:\\Users\\mirru\\OneDrive\\Documents\\GitHub\\dev272-group-project\\constants\\Colors.ts","statementMap":{"0":{"start":{"line":6,"column":23},"end":{"line":6,"column":32}},"1":{"start":{"line":7,"column":22},"end":{"line":7,"column":28}},"2":{"start":{"line":9,"column":22},"end":{"line":27,"column":1}}},"fnMap":{},"branchMap":{},"s":{"0":1,"1":1,"2":1},"f":{},"b":{},"_coverageSchema":"1a1c01bbd47fc00a2c39e90264f33305004495a9","hash":"3a6b1b7b2fb9deafeb5b4f07d406e86958c07b9c"}
,"C:\\Users\\mirru\\OneDrive\\Documents\\GitHub\\dev272-group-project\\hooks\\useAddTask.ts": {"path":"C:\\Users\\mirru\\OneDrive\\Documents\\GitHub\\dev272-group-project\\hooks\\useAddTask.ts","statementMap":{"0":{"start":{"line":14,"column":32},"end":{"line":14,"column":47}},"1":{"start":{"line":15,"column":28},"end":{"line":15,"column":57}},"2":{"start":{"line":16,"column":32},"end":{"line":16,"column":51}},"3":{"start":{"line":18,"column":18},"end":{"line":56,"column":3}},"4":{"start":{"line":19,"column":4},"end":{"line":19,"column":21}},"5":{"start":{"line":20,"column":4},"end":{"line":20,"column":19}},"6":{"start":{"line":25,"column":8},"end":{"line":25,"column":37}},"7":{"start":{"line":27,"column":4},"end":{"line":31,"column":5}},"8":{"start":{"line":28,"column":6},"end":{"line":28,"column":41}},"9":{"start":{"line":29,"column":6},"end":{"line":29,"column":24}},"10":{"start":{"line":30,"column":6},"end":{"line":30,"column":46}},"11":{"start":{"line":33,"column":28},"end":{"line":42,"column":15}},"12":{"start":{"line":44,"column":4},"end":{"line":52,"column":5}},"13":{"start":{"line":45,"column":6},"end":{"line":45,"column":30}},"14":{"start":{"line":46,"column":6},"end":{"line":46,"column":23}},"15":{"start":{"line":48,"column":6},"end":{"line":48,"column":23}},"16":{"start":{"line":49,"column":6},"end":{"line":51,"column":7}},"17":{"start":{"line":50,"column":8},"end":{"line":50,"column":24}},"18":{"start":{"line":54,"column":4},"end":{"line":54,"column":22}},"19":{"start":{"line":55,"column":4},"end":{"line":55,"column":27}},"20":{"start":{"line":58,"column":2},"end":{"line":58,"column":46}}},"fnMap":{"0":{"name":"useAddTask","decl":{"start":{"line":13,"column":16},"end":{"line":13,"column":26}},"loc":{"start":{"line":13,"column":57},"end":{"line":59,"column":1}},"line":13},"1":{"name":"(anonymous_1)","decl":{"start":{"line":18,"column":18},"end":{"line":18,"column":19}},"loc":{"start":{"line":18,"column":48},"end":{"line":56,"column":3}},"line":18}},"branchMap":{"0":{"loc":{"start":{"line":27,"column":4},"end":{"line":31,"column":5}},"type":"if","locations":[{"start":{"line":27,"column":4},"end":{"line":31,"column":5}},{"start":{},"end":{}}],"line":27},"1":{"loc":{"start":{"line":27,"column":8},"end":{"line":27,"column":26}},"type":"binary-expr","locations":[{"start":{"line":27,"column":8},"end":{"line":27,"column":17}},{"start":{"line":27,"column":21},"end":{"line":27,"column":26}}],"line":27},"2":{"loc":{"start":{"line":44,"column":4},"end":{"line":52,"column":5}},"type":"if","locations":[{"start":{"line":44,"column":4},"end":{"line":52,"column":5}},{"start":{"line":47,"column":11},"end":{"line":52,"column":5}}],"line":44},"3":{"loc":{"start":{"line":49,"column":6},"end":{"line":51,"column":7}},"type":"if","locations":[{"start":{"line":49,"column":6},"end":{"line":51,"column":7}},{"start":{},"end":{}}],"line":49}},"s":{"0":3,"1":3,"2":3,"3":3,"4":0,"5":0,"6":0,"7":0,"8":0,"9":0,"10":0,"11":0,"12":0,"13":0,"14":0,"15":0,"16":0,"17":0,"18":0,"19":0,"20":3},"f":{"0":3,"1":0},"b":{"0":[0,0],"1":[0,0],"2":[0,0],"3":[0,0]},"_coverageSchema":"1a1c01bbd47fc00a2c39e90264f33305004495a9","hash":"16e003fc9b6e5a3739b7cce86bc8bde58102fc32"}
,"C:\\Users\\mirru\\OneDrive\\Documents\\GitHub\\dev272-group-project\\hooks\\useColorScheme.ts": {"path":"C:\\Users\\mirru\\OneDrive\\Documents\\GitHub\\dev272-group-project\\hooks\\useColorScheme.ts","statementMap":{},"fnMap":{},"branchMap":{},"s":{},"f":{},"b":{},"_coverageSchema":"1a1c01bbd47fc00a2c39e90264f33305004495a9","hash":"4b8db9cd3d564c6e0168a87d0d8eeab1d90c0fac"}
,"C:\\Users\\mirru\\OneDrive\\Documents\\GitHub\\dev272-group-project\\hooks\\useDeleteTask.ts": {"path":"C:\\Users\\mirru\\OneDrive\\Documents\\GitHub\\dev272-group-project\\hooks\\useDeleteTask.ts","statementMap":{"0":{"start":{"line":4,"column":29},"end":{"line":20,"column":1}},"1":{"start":{"line":5,"column":21},"end":{"line":17,"column":8}},"2":{"start":{"line":6,"column":4},"end":{"line":6,"column":58}},"3":{"start":{"line":8,"column":22},"end":{"line":8,"column":75}},"4":{"start":{"line":10,"column":4},"end":{"line":13,"column":5}},"5":{"start":{"line":11,"column":6},"end":{"line":11,"column":53}},"6":{"start":{"line":12,"column":6},"end":{"line":12,"column":19}},"7":{"start":{"line":15,"column":4},"end":{"line":15,"column":50}},"8":{"start":{"line":16,"column":4},"end":{"line":16,"column":16}},"9":{"start":{"line":19,"column":2},"end":{"line":19,"column":24}}},"fnMap":{"0":{"name":"(anonymous_0)","decl":{"start":{"line":4,"column":29},"end":{"line":4,"column":30}},"loc":{"start":{"line":4,"column":35},"end":{"line":20,"column":1}},"line":4},"1":{"name":"(anonymous_1)","decl":{"start":{"line":5,"column":33},"end":{"line":5,"column":34}},"loc":{"start":{"line":5,"column":73},"end":{"line":17,"column":3}},"line":5}},"branchMap":{"0":{"loc":{"start":{"line":10,"column":4},"end":{"line":13,"column":5}},"type":"if","locations":[{"start":{"line":10,"column":4},"end":{"line":13,"column":5}},{"start":{},"end":{}}],"line":10}},"s":{"0":1,"1":3,"2":0,"3":0,"4":0,"5":0,"6":0,"7":0,"8":0,"9":3},"f":{"0":3,"1":0},"b":{"0":[0,0]},"_coverageSchema":"1a1c01bbd47fc00a2c39e90264f33305004495a9","hash":"dddb78c74c4112ed56a15705f314466c248bf1f9"}
,"C:\\Users\\mirru\\OneDrive\\Documents\\GitHub\\dev272-group-project\\hooks\\useTasks.ts": {"path":"C:\\Users\\mirru\\OneDrive\\Documents\\GitHub\\dev272-group-project\\hooks\\useTasks.ts","statementMap":{"0":{"start":{"line":4,"column":24},"end":{"line":42,"column":1}},"1":{"start":{"line":5,"column":28},"end":{"line":5,"column":40}},"2":{"start":{"line":6,"column":32},"end":{"line":6,"column":46}},"3":{"start":{"line":7,"column":28},"end":{"line":7,"column":57}},"4":{"start":{"line":9,"column":21},"end":{"line":35,"column":3}},"5":{"start":{"line":10,"column":4},"end":{"line":10,"column":21}},"6":{"start":{"line":15,"column":8},"end":{"line":15,"column":37}},"7":{"start":{"line":17,"column":4},"end":{"line":21,"column":5}},"8":{"start":{"line":18,"column":6},"end":{"line":18,"column":37}},"9":{"start":{"line":19,"column":6},"end":{"line":19,"column":24}},"10":{"start":{"line":20,"column":6},"end":{"line":20,"column":13}},"11":{"start":{"line":23,"column":28},"end":{"line":26,"column":35}},"12":{"start":{"line":28,"column":4},"end":{"line":32,"column":5}},"13":{"start":{"line":29,"column":6},"end":{"line":29,"column":30}},"14":{"start":{"line":31,"column":6},"end":{"line":31,"column":21}},"15":{"start":{"line":34,"column":4},"end":{"line":34,"column":22}},"16":{"start":{"line":37,"column":2},"end":{"line":39,"column":9}},"17":{"start":{"line":38,"column":4},"end":{"line":38,"column":17}},"18":{"start":{"line":41,"column":2},"end":{"line":41,"column":56}}},"fnMap":{"0":{"name":"(anonymous_0)","decl":{"start":{"line":4,"column":24},"end":{"line":4,"column":25}},"loc":{"start":{"line":4,"column":30},"end":{"line":42,"column":1}},"line":4},"1":{"name":"(anonymous_1)","decl":{"start":{"line":9,"column":21},"end":{"line":9,"column":22}},"loc":{"start":{"line":9,"column":33},"end":{"line":35,"column":3}},"line":9},"2":{"name":"(anonymous_2)","decl":{"start":{"line":37,"column":12},"end":{"line":37,"column":13}},"loc":{"start":{"line":37,"column":18},"end":{"line":39,"column":3}},"line":37}},"branchMap":{"0":{"loc":{"start":{"line":17,"column":4},"end":{"line":21,"column":5}},"type":"if","locations":[{"start":{"line":17,"column":4},"end":{"line":21,"column":5}},{"start":{},"end":{}}],"line":17},"1":{"loc":{"start":{"line":17,"column":8},"end":{"line":17,"column":26}},"type":"binary-expr","locations":[{"start":{"line":17,"column":8},"end":{"line":17,"column":17}},{"start":{"line":17,"column":21},"end":{"line":17,"column":26}}],"line":17},"2":{"loc":{"start":{"line":28,"column":4},"end":{"line":32,"column":5}},"type":"if","locations":[{"start":{"line":28,"column":4},"end":{"line":32,"column":5}},{"start":{"line":30,"column":11},"end":{"line":32,"column":5}}],"line":28}},"s":{"0":1,"1":3,"2":3,"3":3,"4":3,"5":1,"6":1,"7":1,"8":1,"9":1,"10":1,"11":0,"12":0,"13":0,"14":0,"15":0,"16":3,"17":1,"18":3},"f":{"0":3,"1":1,"2":1},"b":{"0":[1,0],"1":[1,0],"2":[0,0]},"_coverageSchema":"1a1c01bbd47fc00a2c39e90264f33305004495a9","hash":"c629e187656badf1eb9d88ae006ae7dac4670573"}
,"C:\\Users\\mirru\\OneDrive\\Documents\\GitHub\\dev272-group-project\\hooks\\useThemeColor.ts": {"path":"C:\\Users\\mirru\\OneDrive\\Documents\\GitHub\\dev272-group-project\\hooks\\useThemeColor.ts","statementMap":{"0":{"start":{"line":13,"column":16},"end":{"line":13,"column":43}},"1":{"start":{"line":14,"column":25},"end":{"line":14,"column":37}},"2":{"start":{"line":16,"column":2},"end":{"line":20,"column":3}},"3":{"start":{"line":17,"column":4},"end":{"line":17,"column":26}},"4":{"start":{"line":19,"column":4},"end":{"line":19,"column":36}}},"fnMap":{"0":{"name":"useThemeColor","decl":{"start":{"line":9,"column":16},"end":{"line":9,"column":29}},"loc":{"start":{"line":12,"column":2},"end":{"line":21,"column":1}},"line":12}},"branchMap":{"0":{"loc":{"start":{"line":13,"column":16},"end":{"line":13,"column":43}},"type":"binary-expr","locations":[{"start":{"line":13,"column":16},"end":{"line":13,"column":32}},{"start":{"line":13,"column":36},"end":{"line":13,"column":43}}],"line":13},"1":{"loc":{"start":{"line":16,"column":2},"end":{"line":20,"column":3}},"type":"if","locations":[{"start":{"line":16,"column":2},"end":{"line":20,"column":3}},{"start":{"line":18,"column":9},"end":{"line":20,"column":3}}],"line":16}},"s":{"0":0,"1":0,"2":0,"3":0,"4":0},"f":{"0":0},"b":{"0":[0,0],"1":[0,0]},"_coverageSchema":"1a1c01bbd47fc00a2c39e90264f33305004495a9","hash":"f81b28676194d938a3956b99bb312b30731d347c"}
,"C:\\Users\\mirru\\OneDrive\\Documents\\GitHub\\dev272-group-project\\utils\\supabase.ts": {"path":"C:\\Users\\mirru\\OneDrive\\Documents\\GitHub\\dev272-group-project\\utils\\supabase.ts","statementMap":{"0":{"start":{"line":4,"column":20},"end":{"line":4,"column":63}},"1":{"start":{"line":6,"column":2},"end":{"line":6,"column":212}},"2":{"start":{"line":8,"column":0},"end":{"line":12,"column":1}},"3":{"start":{"line":9,"column":2},"end":{"line":11,"column":4}},"4":{"start":{"line":14,"column":24},"end":{"line":14,"column":66}}},"fnMap":{},"branchMap":{"0":{"loc":{"start":{"line":8,"column":0},"end":{"line":12,"column":1}},"type":"if","locations":[{"start":{"line":8,"column":0},"end":{"line":12,"column":1}},{"start":{},"end":{}}],"line":8},"1":{"loc":{"start":{"line":8,"column":4},"end":{"line":8,"column":36}},"type":"binary-expr","locations":[{"start":{"line":8,"column":4},"end":{"line":8,"column":16}},{"start":{"line":8,"column":20},"end":{"line":8,"column":36}}],"line":8}},"s":{"0":2,"1":2,"2":2,"3":0,"4":2},"f":{},"b":{"0":[0,2],"1":[2,2]},"_coverageSchema":"1a1c01bbd47fc00a2c39e90264f33305004495a9","hash":"285961e26e9ba62d4ded08aaf79962722e7ebc9e"}
,"C:\\Users\\mirru\\OneDrive\\Documents\\GitHub\\dev272-group-project\\utils\\validation.ts": {"path":"C:\\Users\\mirru\\OneDrive\\Documents\\GitHub\\dev272-group-project\\utils\\validation.ts","statementMap":{"0":{"start":{"line":11,"column":39},"end":{"line":11,"column":71}},"1":{"start":{"line":13,"column":2},"end":{"line":15,"column":3}},"2":{"start":{"line":14,"column":4},"end":{"line":14,"column":47}},"3":{"start":{"line":17,"column":2},"end":{"line":26,"column":3}},"4":{"start":{"line":18,"column":4},"end":{"line":25,"column":5}},"5":{"start":{"line":19,"column":6},"end":{"line":19,"column":68}},"6":{"start":{"line":21,"column":28},"end":{"line":21,"column":52}},"7":{"start":{"line":22,"column":6},"end":{"line":24,"column":7}},"8":{"start":{"line":23,"column":8},"end":{"line":23,"column":66}},"9":{"start":{"line":28,"column":2},"end":{"line":28,"column":16}}},"fnMap":{"0":{"name":"validateTaskInput","decl":{"start":{"line":6,"column":16},"end":{"line":6,"column":33}},"loc":{"start":{"line":10,"column":24},"end":{"line":29,"column":1}},"line":10}},"branchMap":{"0":{"loc":{"start":{"line":13,"column":2},"end":{"line":15,"column":3}},"type":"if","locations":[{"start":{"line":13,"column":2},"end":{"line":15,"column":3}},{"start":{},"end":{}}],"line":13},"1":{"loc":{"start":{"line":17,"column":2},"end":{"line":26,"column":3}},"type":"if","locations":[{"start":{"line":17,"column":2},"end":{"line":26,"column":3}},{"start":{},"end":{}}],"line":17},"2":{"loc":{"start":{"line":18,"column":4},"end":{"line":25,"column":5}},"type":"if","locations":[{"start":{"line":18,"column":4},"end":{"line":25,"column":5}},{"start":{"line":20,"column":11},"end":{"line":25,"column":5}}],"line":18},"3":{"loc":{"start":{"line":22,"column":6},"end":{"line":24,"column":7}},"type":"if","locations":[{"start":{"line":22,"column":6},"end":{"line":24,"column":7}},{"start":{},"end":{}}],"line":22}},"s":{"0":0,"1":0,"2":0,"3":0,"4":0,"5":0,"6":0,"7":0,"8":0,"9":0},"f":{"0":0},"b":{"0":[0,0],"1":[0,0],"2":[0,0],"3":[0,0]},"_coverageSchema":"1a1c01bbd47fc00a2c39e90264f33305004495a9","hash":"f77c0d956e3eb346e5205e6539766bc20b5d30b0"}
}
