TN:
SF:app\Auth.tsx
FN:18,Auth
FN:24,signInWithEmail
FN:46,signUpWithEmail
FN:69,forgotPassword
FN:121,(anonymous_4)
FNF:5
FNH:3
FNDA:13,Auth
FNDA:2,signInWithEmail
FNDA:2,signUpWithEmail
FNDA:0,forgotPassword
FNDA:0,(anonymous_4)
DA:19,13
DA:20,13
DA:21,13
DA:22,13
DA:25,2
DA:26,1
DA:27,1
DA:30,1
DA:31,1
DA:35,1
DA:37,1
DA:38,1
DA:40,0
DA:43,1
DA:47,2
DA:48,1
DA:49,1
DA:52,1
DA:56,1
DA:57,1
DA:59,1
DA:60,1
DA:61,0
DA:62,0
DA:70,0
DA:73,13
DA:121,0
DA:167,1
LF:28
LH:23
BRDA:25,0,0,1
BRDA:25,0,1,1
BRDA:25,1,0,2
BRDA:25,1,1,1
BRDA:37,2,0,1
BRDA:37,2,1,0
BRDA:47,3,0,1
BRDA:47,3,1,1
BRDA:47,4,0,2
BRDA:47,4,1,1
BRDA:59,5,0,1
BRDA:59,5,1,0
BRDA:61,6,0,0
BRDA:61,6,1,0
BRDA:76,7,0,13
BRDA:76,7,1,0
BRDA:125,8,0,0
BRDA:125,8,1,13
BRDA:133,9,0,13
BRDA:133,9,1,2
BRF:20
BRH:14
end_of_record
TN:
SF:components\TaskCard.tsx
FN:4,(anonymous_0)
FNF:1
FNH:1
FNDA:4,(anonymous_0)
DA:4,1
DA:5,4
DA:19,1
LF:3
LH:3
BRDA:8,0,0,3
BRDA:8,0,1,1
BRDA:8,1,0,4
BRDA:8,1,1,4
BRDA:10,2,0,1
BRDA:10,2,1,2
BRF:6
BRH:6
end_of_record
TN:
SF:utils\supabase.ts
FNF:0
FNH:0
DA:4,1
DA:6,1
DA:8,1
DA:9,0
DA:14,1
LF:5
LH:4
BRDA:8,0,0,0
BRDA:8,0,1,1
BRDA:8,1,0,1
BRDA:8,1,1,1
BRF:4
BRH:3
end_of_record
