TN:
SF:app\(tabs)\home.tsx
FN:27,(anonymous_0)
FN:46,Home
FN:53,(anonymous_2)
FN:57,(anonymous_3)
FN:78,(anonymous_4)
FN:81,(anonymous_5)
FN:81,(anonymous_6)
FN:87,(anonymous_7)
FN:97,(anonymous_8)
FN:115,(anonymous_9)
FN:130,(anonymous_10)
FN:142,(anonymous_11)
FN:222,(anonymous_12)
FN:230,(anonymous_13)
FNF:14
FNH:8
FNDA:2,(anonymous_0)
FNDA:2,Home
FNDA:1,(anonymous_2)
FNDA:0,(anonymous_3)
FNDA:0,(anonymous_4)
FNDA:0,(anonymous_5)
FNDA:0,(anonymous_6)
FNDA:2,(anonymous_7)
FNDA:2,(anonymous_8)
FNDA:1,(anonymous_9)
FNDA:8,(anonymous_10)
FNDA:2,(anonymous_11)
FNDA:0,(anonymous_12)
FNDA:0,(anonymous_13)
DA:27,1
DA:28,2
DA:29,2
DA:30,2
DA:31,2
DA:47,2
DA:48,2
DA:49,2
DA:50,2
DA:51,2
DA:53,2
DA:54,1
DA:57,2
DA:64,0
DA:65,0
DA:72,0
DA:74,0
DA:78,2
DA:79,0
DA:80,0
DA:81,0
DA:83,0
DA:87,2
DA:88,2
DA:89,2
DA:90,2
DA:91,2
DA:92,2
DA:94,2
DA:95,2
DA:97,2
DA:98,2
DA:100,2
DA:102,2
DA:103,0
DA:104,0
DA:105,0
DA:109,2
DA:110,2
DA:111,0
DA:112,0
DA:115,2
DA:116,1
DA:118,2
DA:128,2
DA:130,2
DA:131,8
DA:143,2
DA:154,2
DA:222,0
DA:230,0
DA:237,1
LF:52
LH:37
BRDA:29,0,0,0
BRDA:29,0,1,2
BRDA:30,1,0,0
BRDA:30,1,1,2
BRDA:69,2,0,0
BRDA:69,2,1,0
BRDA:80,3,0,0
BRDA:80,3,1,0
BRDA:98,4,0,0
BRDA:98,4,1,2
BRDA:102,5,0,0
BRDA:102,5,1,2
BRDA:102,6,0,2
BRDA:102,6,1,0
BRDA:104,7,0,0
BRDA:104,7,1,0
BRDA:109,8,0,0
BRDA:109,8,1,2
BRDA:110,9,0,2
BRDA:110,9,1,0
BRDA:111,10,0,0
BRDA:111,10,1,0
BRDA:112,11,0,0
BRDA:112,11,1,0
BRDA:139,12,0,7
BRDA:139,12,1,1
BRDA:157,13,0,0
BRDA:157,13,1,2
BRDA:159,14,0,0
BRDA:159,14,1,2
BRDA:184,15,0,2
BRDA:184,15,1,0
BRDA:202,16,0,1
BRDA:202,16,1,1
BRF:34
BRH:14
end_of_record
TN:
SF:components\AddTaskModal.tsx
FN:28,(anonymous_0)
FN:48,(anonymous_1)
FN:60,(anonymous_2)
FN:67,(anonymous_3)
FN:72,(anonymous_4)
FN:79,(anonymous_5)
FN:98,(anonymous_6)
FN:137,(anonymous_7)
FN:161,(anonymous_8)
FN:185,(anonymous_9)
FN:192,(anonymous_10)
FNF:11
FNH:7
FNDA:18,(anonymous_0)
FNDA:5,(anonymous_1)
FNDA:40,(anonymous_2)
FNDA:0,(anonymous_3)
FNDA:3,(anonymous_4)
FNDA:5,(anonymous_5)
FNDA:0,(anonymous_6)
FNDA:0,(anonymous_7)
FNDA:0,(anonymous_8)
FNDA:36,(anonymous_9)
FNDA:1,(anonymous_10)
DA:28,2
DA:33,18
DA:35,18
DA:36,18
DA:37,18
DA:38,18
DA:39,18
DA:40,18
DA:41,18
DA:45,18
DA:46,18
DA:48,18
DA:49,5
DA:50,4
DA:51,4
DA:52,4
DA:54,4
DA:56,4
DA:60,18
DA:61,40
DA:62,40
DA:63,40
DA:64,40
DA:67,18
DA:68,0
DA:69,0
DA:72,18
DA:73,3
DA:79,5
DA:80,3
DA:81,3
DA:83,2
DA:84,2
DA:86,2
DA:94,2
DA:97,2
DA:98,1
DA:102,2
DA:103,2
DA:104,2
DA:105,2
DA:108,18
DA:138,0
DA:139,0
DA:140,0
DA:141,0
DA:145,0
DA:146,0
DA:148,0
DA:161,0
DA:186,36
DA:192,1
DA:251,2
LF:53
LH:43
BRDA:49,0,0,4
BRDA:49,0,1,1
BRDA:69,1,0,0
BRDA:69,1,1,0
BRDA:81,2,0,1
BRDA:81,2,1,2
BRDA:90,3,0,0
BRDA:90,3,1,2
BRDA:97,4,0,1
BRDA:97,4,1,1
BRDA:126,5,0,1
BRDA:126,5,1,17
BRDA:130,6,0,0
BRDA:130,6,1,18
BRDA:141,7,0,0
BRDA:141,7,1,0
BRDA:142,8,0,0
BRDA:142,8,1,0
BRDA:154,9,0,0
BRDA:154,9,1,0
BRDA:165,10,0,18
BRDA:165,10,1,0
BRDA:167,11,0,18
BRDA:167,11,1,0
BRDA:170,12,0,18
BRDA:170,12,1,0
BRDA:190,13,0,36
BRDA:190,13,1,18
BRDA:197,14,0,36
BRDA:197,14,1,18
BRDA:213,15,0,18
BRDA:213,15,1,0
BRDA:223,16,0,0
BRDA:223,16,1,0
BRF:34
BRH:18
end_of_record
TN:
SF:components\TaskCardToggle.tsx
FN:22,TaskCardToggle
FN:27,(anonymous_1)
FN:33,(anonymous_2)
FN:108,(anonymous_3)
FNF:4
FNH:1
FNDA:2,TaskCardToggle
FNDA:0,(anonymous_1)
FNDA:0,(anonymous_2)
FNDA:0,(anonymous_3)
DA:27,2
DA:28,0
DA:29,0
DA:30,0
DA:33,2
DA:34,0
DA:36,0
DA:41,0
DA:42,0
DA:43,0
DA:44,0
DA:47,0
DA:51,0
DA:53,0
DA:54,0
DA:56,0
DA:64,0
DA:65,0
DA:66,0
DA:67,0
DA:68,0
DA:69,0
DA:73,0
DA:74,0
DA:76,0
DA:91,0
DA:92,0
DA:100,0
DA:105,0
DA:108,2
DA:109,0
DA:110,0
DA:113,2
DA:128,1
LF:34
LH:5
BRDA:41,0,0,0
BRDA:41,0,1,0
BRDA:47,1,0,0
BRDA:47,1,1,0
BRDA:47,2,0,0
BRDA:47,2,1,0
BRDA:47,2,2,0
BRDA:53,3,0,0
BRDA:53,3,1,0
BRDA:53,4,0,0
BRDA:53,4,1,0
BRDA:64,5,0,0
BRDA:64,5,1,0
BRDA:66,6,0,0
BRDA:66,6,1,0
BRDA:66,7,0,0
BRDA:66,7,1,0
BRDA:87,8,0,0
BRDA:87,8,1,0
BRDA:91,9,0,0
BRDA:91,9,1,0
BRDA:119,10,0,0
BRDA:119,10,1,2
BRF:23
BRH:1
end_of_record
TN:
SF:components\ThemedText.tsx
FN:11,ThemedText
FNF:1
FNH:1
FNDA:22,ThemedText
DA:18,22
DA:20,22
DA:36,1
LF:3
LH:3
BRDA:15,0,0,12
BRDA:24,1,0,12
BRDA:24,1,1,10
BRDA:25,2,0,2
BRDA:25,2,1,20
BRDA:26,3,0,0
BRDA:26,3,1,22
BRDA:27,4,0,8
BRDA:27,4,1,14
BRDA:28,5,0,0
BRDA:28,5,1,22
BRF:11
BRH:9
end_of_record
TN:
SF:constants\Colors.ts
FNF:0
FNH:0
DA:6,1
DA:7,1
DA:9,1
LF:3
LH:3
BRF:0
BRH:0
end_of_record
TN:
SF:hooks\useAddTask.ts
FN:13,useAddTask
FN:18,(anonymous_1)
FNF:2
FNH:1
FNDA:2,useAddTask
FNDA:0,(anonymous_1)
DA:14,2
DA:15,2
DA:16,2
DA:18,2
DA:19,0
DA:20,0
DA:25,0
DA:27,0
DA:28,0
DA:29,0
DA:30,0
DA:33,0
DA:44,0
DA:45,0
DA:46,0
DA:48,0
DA:49,0
DA:50,0
DA:54,0
DA:55,0
DA:58,2
LF:21
LH:5
BRDA:27,0,0,0
BRDA:27,0,1,0
BRDA:27,1,0,0
BRDA:27,1,1,0
BRDA:44,2,0,0
BRDA:44,2,1,0
BRDA:49,3,0,0
BRDA:49,3,1,0
BRF:8
BRH:0
end_of_record
TN:
SF:hooks\useColorScheme.ts
FNF:0
FNH:0
LF:0
LH:0
BRF:0
BRH:0
end_of_record
TN:
SF:hooks\useDeleteTask.ts
FN:3,(anonymous_0)
FN:4,(anonymous_1)
FNF:2
FNH:1
FNDA:2,(anonymous_0)
FNDA:0,(anonymous_1)
DA:3,1
DA:4,2
DA:5,0
DA:7,0
DA:9,0
DA:10,0
DA:11,0
DA:14,0
DA:15,0
DA:18,2
LF:10
LH:3
BRDA:9,0,0,0
BRDA:9,0,1,0
BRF:2
BRH:0
end_of_record
TN:
SF:hooks\useSupplyShoppingRedirect.ts
FN:12,useSupplyShoppingRedirect
FN:15,(anonymous_1)
FN:26,(anonymous_2)
FN:33,(anonymous_3)
FN:40,(anonymous_4)
FNF:5
FNH:1
FNDA:2,useSupplyShoppingRedirect
FNDA:0,(anonymous_1)
FNDA:0,(anonymous_2)
FNDA:0,(anonymous_3)
FNDA:0,(anonymous_4)
DA:13,2
DA:15,2
DA:16,0
DA:17,0
DA:18,0
DA:19,0
DA:20,0
DA:22,0
DA:26,2
DA:27,0
DA:34,0
DA:35,0
DA:42,0
DA:43,0
DA:44,0
DA:45,0
DA:48,0
DA:53,0
DA:54,0
DA:55,0
DA:56,0
DA:58,0
DA:59,0
DA:68,2
LF:24
LH:4
BRDA:18,0,0,0
BRDA:18,0,1,0
BRDA:43,1,0,0
BRDA:43,1,1,0
BRDA:53,2,0,0
BRDA:53,2,1,0
BRDA:53,3,0,0
BRDA:53,3,1,0
BRF:8
BRH:0
end_of_record
TN:
SF:hooks\useTasks.ts
FN:4,(anonymous_0)
FN:9,(anonymous_1)
FN:37,(anonymous_2)
FNF:3
FNH:3
FNDA:6,(anonymous_0)
FNDA:3,(anonymous_1)
FNDA:3,(anonymous_2)
DA:4,2
DA:5,6
DA:6,6
DA:7,6
DA:9,6
DA:10,3
DA:15,3
DA:17,3
DA:18,1
DA:19,1
DA:20,1
DA:23,2
DA:28,2
DA:29,1
DA:31,1
DA:34,2
DA:37,6
DA:38,3
DA:41,6
LF:19
LH:19
BRDA:17,0,0,1
BRDA:17,0,1,2
BRDA:17,1,0,3
BRDA:17,1,1,2
BRDA:28,2,0,1
BRDA:28,2,1,1
BRF:6
BRH:6
end_of_record
TN:
SF:hooks\useThemeColor.ts
FN:9,useThemeColor
FNF:1
FNH:1
FNDA:22,useThemeColor
DA:13,22
DA:14,22
DA:16,22
DA:17,0
DA:19,22
LF:5
LH:4
BRDA:13,0,0,22
BRDA:13,0,1,0
BRDA:16,1,0,0
BRDA:16,1,1,22
BRF:4
BRH:2
end_of_record
TN:
SF:utils\supabase.ts
FNF:0
FNH:0
DA:4,1
DA:5,1
DA:7,1
DA:8,0
DA:13,1
LF:5
LH:4
BRDA:7,0,0,0
BRDA:7,0,1,1
BRDA:7,1,0,1
BRDA:7,1,1,1
BRF:4
BRH:3
end_of_record
TN:
SF:utils\validation.ts
FN:6,validateTaskInput
FNF:1
FNH:1
FNDA:6,validateTaskInput
DA:11,6
DA:13,6
DA:14,2
DA:17,6
DA:18,3
DA:19,1
DA:21,2
DA:22,2
DA:23,1
DA:28,6
LF:10
LH:10
BRDA:13,0,0,2
BRDA:13,0,1,4
BRDA:17,1,0,3
BRDA:17,1,1,3
BRDA:18,2,0,1
BRDA:18,2,1,2
BRDA:22,3,0,1
BRDA:22,3,1,1
BRF:8
BRH:8
end_of_record
